[1026/020028.871:INFO:crash_reporting.cc(219)] Crash reporting enabled for process: browser
[1026/020028.936:INFO:gpu_process_host.cc(941)] [XWEB_LOG_GPU]  GPU process laucnched multi-process mode SUCCESS!!! gpu-process-pid:8120 gpu-process-sandbox:1
[1026/020028.976:INFO:crash_reporting.cc(219)] Crash reporting enabled for process: gpu-process
[1026/020029.779:INFO:crash_reporting.cc(219)] Crash reporting enabled for process: utility
[1026/020229.010:INFO:crash_reporting.cc(219)] Crash reporting enabled for process: gpu-process
[1028/222450.987:INFO:crash_reporting.cc(219)] Crash reporting enabled for process: renderer
[1028/222450.987:INFO:crash_reporting.cc(219)] Crash reporting enabled for process: renderer
[1028/222455.656:INFO:crash_reporting.cc(219)] Crash reporting enabled for process: renderer
[1028/222455.761:INFO:crash_reporting.cc(219)] Crash reporting enabled for process: renderer
[1028/222455.947:INFO:crash_reporting.cc(219)] Crash reporting enabled for process: renderer
[1028/222456.034:INFO:crash_reporting.cc(219)] Crash reporting enabled for process: renderer
[1028/222559.730:INFO:crash_reporting.cc(219)] Crash reporting enabled for process: renderer
[1028/222613.935:INFO:crash_reporting.cc(219)] Crash reporting enabled for process: renderer
[1028/222823.572:INFO:crash_reporting.cc(219)] Crash reporting enabled for process: renderer
[1028/222826.705:INFO:crash_reporting.cc(219)] Crash reporting enabled for process: renderer
[1028/222826.886:INFO:crash_reporting.cc(219)] Crash reporting enabled for process: renderer
[1028/222829.692:INFO:crash_reporting.cc(219)] Crash reporting enabled for process: renderer
[1028/222829.879:INFO:crash_reporting.cc(219)] Crash reporting enabled for process: renderer
[1028/222840.822:INFO:crash_reporting.cc(219)] Crash reporting enabled for process: renderer
[1029/165224.567:INFO:crash_reporting.cc(219)] Crash reporting enabled for process: renderer
[1029/165225.667:INFO:crash_reporting.cc(219)] Crash reporting enabled for process: renderer
